Determining if the pthread_create exist failed with the following output:
Change Dir: /home/kimberlyc/C-/cmake-build-debug/CMakeFiles/CMakeTmp

Run Build Command:"/usr/bin/make" "cmTC_80350/fast"
/usr/bin/make -f CMakeFiles/cmTC_80350.dir/build.make CMakeFiles/cmTC_80350.dir/build
make[1]: se entra en el directorio '/home/kimberlyc/C-/cmake-build-debug/CMakeFiles/CMakeTmp'
Building C object CMakeFiles/cmTC_80350.dir/CheckSymbolExists.c.o
/usr/bin/cc    -o CMakeFiles/cmTC_80350.dir/CheckSymbolExists.c.o   -c /home/kimberlyc/C-/cmake-build-debug/CMakeFiles/CMakeTmp/CheckSymbolExists.c
Linking C executable cmTC_80350
/opt/clion-2017.3.3/bin/cmake/bin/cmake -E cmake_link_script CMakeFiles/cmTC_80350.dir/link.txt --verbose=1
/usr/bin/cc      -rdynamic CMakeFiles/cmTC_80350.dir/CheckSymbolExists.c.o  -o cmTC_80350 
CMakeFiles/cmTC_80350.dir/CheckSymbolExists.c.o: En la función `main':
CheckSymbolExists.c:(.text+0x16): referencia a `pthread_create' sin definir
collect2: error: ld returned 1 exit status
CMakeFiles/cmTC_80350.dir/build.make:97: fallo en las instrucciones para el objetivo 'cmTC_80350'
make[1]: *** [cmTC_80350] Error 1
make[1]: se sale del directorio '/home/kimberlyc/C-/cmake-build-debug/CMakeFiles/CMakeTmp'
Makefile:126: fallo en las instrucciones para el objetivo 'cmTC_80350/fast'
make: *** [cmTC_80350/fast] Error 2

File /home/kimberlyc/C-/cmake-build-debug/CMakeFiles/CMakeTmp/CheckSymbolExists.c:
/* */
#include <pthread.h>

int main(int argc, char** argv)
{
  (void)argv;
#ifndef pthread_create
  return ((int*)(&pthread_create))[argc];
#else
  (void)argc;
  return 0;
#endif
}

Determining if the function pthread_create exists in the pthreads failed with the following output:
Change Dir: /home/kimberlyc/C-/cmake-build-debug/CMakeFiles/CMakeTmp

Run Build Command:"/usr/bin/make" "cmTC_4eb11/fast"
/usr/bin/make -f CMakeFiles/cmTC_4eb11.dir/build.make CMakeFiles/cmTC_4eb11.dir/build
make[1]: se entra en el directorio '/home/kimberlyc/C-/cmake-build-debug/CMakeFiles/CMakeTmp'
Building C object CMakeFiles/cmTC_4eb11.dir/CheckFunctionExists.c.o
/usr/bin/cc   -DCHECK_FUNCTION_EXISTS=pthread_create   -o CMakeFiles/cmTC_4eb11.dir/CheckFunctionExists.c.o   -c /opt/clion-2017.3.3/bin/cmake/share/cmake-3.9/Modules/CheckFunctionExists.c
Linking C executable cmTC_4eb11
/opt/clion-2017.3.3/bin/cmake/bin/cmake -E cmake_link_script CMakeFiles/cmTC_4eb11.dir/link.txt --verbose=1
/usr/bin/cc  -DCHECK_FUNCTION_EXISTS=pthread_create    -rdynamic CMakeFiles/cmTC_4eb11.dir/CheckFunctionExists.c.o  -o cmTC_4eb11 -lpthreads 
/usr/bin/ld: no se puede encontrar -lpthreads
collect2: error: ld returned 1 exit status
CMakeFiles/cmTC_4eb11.dir/build.make:97: fallo en las instrucciones para el objetivo 'cmTC_4eb11'
make[1]: *** [cmTC_4eb11] Error 1
make[1]: se sale del directorio '/home/kimberlyc/C-/cmake-build-debug/CMakeFiles/CMakeTmp'
Makefile:126: fallo en las instrucciones para el objetivo 'cmTC_4eb11/fast'
make: *** [cmTC_4eb11/fast] Error 2


