Determining if the pthread_create exist failed with the following output:
Change Dir: /home/cris/CLionProjects/Proyecto1_Datos2/CMakeFiles/CMakeTmp

Run Build Command:"/usr/bin/make" "cmTC_0ec90/fast"
/usr/bin/make -f CMakeFiles/cmTC_0ec90.dir/build.make CMakeFiles/cmTC_0ec90.dir/build
make[1]: se entra en el directorio '/home/cris/CLionProjects/Proyecto1_Datos2/CMakeFiles/CMakeTmp'
Building C object CMakeFiles/cmTC_0ec90.dir/CheckSymbolExists.c.o
/usr/bin/cc    -o CMakeFiles/cmTC_0ec90.dir/CheckSymbolExists.c.o   -c /home/cris/CLionProjects/Proyecto1_Datos2/CMakeFiles/CMakeTmp/CheckSymbolExists.c
Linking C executable cmTC_0ec90
/home/cris/Descargas/clion-2017.3.3/bin/cmake/bin/cmake -E cmake_link_script CMakeFiles/cmTC_0ec90.dir/link.txt --verbose=1
/usr/bin/cc      -rdynamic CMakeFiles/cmTC_0ec90.dir/CheckSymbolExists.c.o  -o cmTC_0ec90 
CMakeFiles/cmTC_0ec90.dir/CheckSymbolExists.c.o: En la función `main':
CheckSymbolExists.c:(.text+0x16): referencia a `pthread_create' sin definir
collect2: error: ld returned 1 exit status
CMakeFiles/cmTC_0ec90.dir/build.make:97: fallo en las instrucciones para el objetivo 'cmTC_0ec90'
make[1]: *** [cmTC_0ec90] Error 1
make[1]: se sale del directorio '/home/cris/CLionProjects/Proyecto1_Datos2/CMakeFiles/CMakeTmp'
Makefile:126: fallo en las instrucciones para el objetivo 'cmTC_0ec90/fast'
make: *** [cmTC_0ec90/fast] Error 2

File /home/cris/CLionProjects/Proyecto1_Datos2/CMakeFiles/CMakeTmp/CheckSymbolExists.c:
/* */
#include <pthread.h>

int main(int argc, char** argv)
{
  (void)argv;
#ifndef pthread_create
  return ((int*)(&pthread_create))[argc];
#else
  (void)argc;
  return 0;
#endif
}

Determining if the function pthread_create exists in the pthreads failed with the following output:
Change Dir: /home/cris/CLionProjects/Proyecto1_Datos2/CMakeFiles/CMakeTmp

Run Build Command:"/usr/bin/make" "cmTC_3e008/fast"
/usr/bin/make -f CMakeFiles/cmTC_3e008.dir/build.make CMakeFiles/cmTC_3e008.dir/build
make[1]: se entra en el directorio '/home/cris/CLionProjects/Proyecto1_Datos2/CMakeFiles/CMakeTmp'
Building C object CMakeFiles/cmTC_3e008.dir/CheckFunctionExists.c.o
/usr/bin/cc   -DCHECK_FUNCTION_EXISTS=pthread_create   -o CMakeFiles/cmTC_3e008.dir/CheckFunctionExists.c.o   -c /home/cris/Descargas/clion-2017.3.3/bin/cmake/share/cmake-3.9/Modules/CheckFunctionExists.c
Linking C executable cmTC_3e008
/home/cris/Descargas/clion-2017.3.3/bin/cmake/bin/cmake -E cmake_link_script CMakeFiles/cmTC_3e008.dir/link.txt --verbose=1
/usr/bin/cc  -DCHECK_FUNCTION_EXISTS=pthread_create    -rdynamic CMakeFiles/cmTC_3e008.dir/CheckFunctionExists.c.o  -o cmTC_3e008 -lpthreads 
/usr/bin/ld: no se puede encontrar -lpthreads
collect2: error: ld returned 1 exit status
CMakeFiles/cmTC_3e008.dir/build.make:97: fallo en las instrucciones para el objetivo 'cmTC_3e008'
make[1]: *** [cmTC_3e008] Error 1
make[1]: se sale del directorio '/home/cris/CLionProjects/Proyecto1_Datos2/CMakeFiles/CMakeTmp'
Makefile:126: fallo en las instrucciones para el objetivo 'cmTC_3e008/fast'
make: *** [cmTC_3e008/fast] Error 2


